<?xml version="1.0" encoding="UTF-8"?>
<testsuite xmlns:xsi="http://www.w3.org/2001/XMLSchema-instance" xsi:noNamespaceSchemaLocation="https://maven.apache.org/surefire/maven-surefire-plugin/xsd/surefire-test-report-3.0.xsd" version="3.0" name="com.cloud.project.ProjectApplicationTests" time="3.546" tests="1" errors="0" skipped="0" failures="0">
  <properties>
[...]
</properties>
  <testcase name="contextLoads" classname="com.cloud.project.ProjectApplicationTests" time="1.071">
    <system-out><![CDATA[22:18:50.914 [main] INFO org.springframework.test.context.support.AnnotationConfigContextLoaderUtils -- Could not detect default configuration classes for test class [com.cloud.project.ProjectApplicationTests]: ProjectApplicationTests does not declare any static, non-private, non-final, nested classes annotated with @Configuration.
22:18:51.049 [main] INFO org.springframework.boot.test.context.SpringBootTestContextBootstrapper -- Found @SpringBootConfiguration com.cloud.project.ProjectApplication for test class com.cloud.project.ProjectApplicationTests

  .   ____          _            __ _ _
 /\\ / ___'_ __ _ _(_)_ __  __ _ \ \ \ \
( ( )\___ | '_ | '_| | '_ \/ _` | \ \ \ \
 \\/  ___)| |_)| | | | | || (_| |  ) ) ) )
  '  |____| .__|_| |_|_| |_\__, | / / / /
 =========|_|==============|___/=/_/_/_/
 :: Spring Boot ::                (v3.2.4)

2024-04-10T22:18:51.544+05:30  INFO 2120 --- [project] [           main] c.cloud.project.ProjectApplicationTests  : Starting ProjectApplicationTests using Java 17.0.8 with PID 2120 (started by visha in D:\coding\project)
2024-04-10T22:18:51.547+05:30  INFO 2120 --- [project] [           main] c.cloud.project.ProjectApplicationTests  : No active profile set, falling back to 1 default profile: "default"
2024-04-10T22:18:53.157+05:30  INFO 2120 --- [project] [           main] c.cloud.project.ProjectApplicationTests  : Started ProjectApplicationTests in 1.927 seconds (process running for 2.941)
]]></system-out>
  </testcase>
</testsuite>